<?xml version="1.0" encoding="UTF-8"?>
<!-- Generated by org.testng.reporters.JUnitReportReporter -->
<testsuite hostname="LAPTOP-2VUVNRGK" failures="0" tests="1" name="com.TestRunnerRoseGarden.qa.RunnerRoseGarden" time="9.610" errors="0" timestamp="2023-09-11T22:13:34 CEST" skipped="0">
  <testcase classname="com.TestRunnerRoseGarden.qa.RunnerRoseGarden" name="feature" time="9.610"/>
  <system-out/>
</testsuite> <!-- com.TestRunnerRoseGarden.qa.RunnerRoseGarden -->
